[0.012s] Invoking command in '/home/srikanth/amr_nav/build/amr_nav': CMAKE_PREFIX_PATH=${CMAKE_PREFIX_PATH}:/opt/ros/humble /usr/bin/cmake /home/srikanth/amr_nav/src/amr_nav -DAMENT_CMAKE_SYMLINK_INSTALL=1 -DCMAKE_INSTALL_PREFIX=/home/srikanth/amr_nav/install/amr_nav
[0.354s] -- The C compiler identification is GNU 11.4.0
[0.738s] -- The CXX compiler identification is GNU 11.4.0
[0.868s] -- Detecting C compiler ABI info
[1.391s] -- Detecting C compiler ABI info - done
[1.407s] -- Check for working C compiler: /usr/bin/cc - skipped
[1.456s] -- Detecting C compile features
[1.457s] -- Detecting C compile features - done
[1.469s] -- Detecting CXX compiler ABI info
[1.802s] -- Detecting CXX compiler ABI info - done
[1.812s] -- Check for working CXX compiler: /usr/bin/c++ - skipped
[1.812s] -- Detecting CXX compile features
[1.813s] -- Detecting CXX compile features - done
[1.828s] -- Found ament_cmake: 1.3.12 (/opt/ros/humble/share/ament_cmake/cmake)
[2.169s] -- Found Python3: /usr/bin/python3 (found version "3.10.12") found components: Interpreter 
[2.523s] -- Override CMake install command with custom implementation using symlinks instead of copying resources
[2.602s] -- Found ament_lint_auto: 0.12.14 (/opt/ros/humble/share/ament_lint_auto/cmake)
[2.776s] -- Added test 'copyright' to check source files copyright and LICENSE
[2.789s] -- Added test 'flake8' to check Python code syntax and style conventions
[2.790s] -- Added test 'lint_cmake' to check CMake code style
[2.791s] -- Added test 'pep257' to check Python code against some of the docstring style conventions in PEP 257
[2.796s] -- Added test 'xmllint' to check XML markup files
[2.800s] -- Configuring done
[2.804s] -- Generating done
[2.806s] -- Build files have been written to: /home/srikanth/amr_nav/build/amr_nav
[2.815s] Invoked command in '/home/srikanth/amr_nav/build/amr_nav' returned '0': CMAKE_PREFIX_PATH=${CMAKE_PREFIX_PATH}:/opt/ros/humble /usr/bin/cmake /home/srikanth/amr_nav/src/amr_nav -DAMENT_CMAKE_SYMLINK_INSTALL=1 -DCMAKE_INSTALL_PREFIX=/home/srikanth/amr_nav/install/amr_nav
[2.817s] Invoking command in '/home/srikanth/amr_nav/build/amr_nav': CMAKE_PREFIX_PATH=${CMAKE_PREFIX_PATH}:/opt/ros/humble /usr/bin/cmake --build /home/srikanth/amr_nav/build/amr_nav -- -j4 -l4
[2.862s] Invoked command in '/home/srikanth/amr_nav/build/amr_nav' returned '0': CMAKE_PREFIX_PATH=${CMAKE_PREFIX_PATH}:/opt/ros/humble /usr/bin/cmake --build /home/srikanth/amr_nav/build/amr_nav -- -j4 -l4
[2.872s] Invoking command in '/home/srikanth/amr_nav/build/amr_nav': CMAKE_PREFIX_PATH=${CMAKE_PREFIX_PATH}:/opt/ros/humble /usr/bin/cmake --install /home/srikanth/amr_nav/build/amr_nav
[2.882s] -- Install configuration: ""
[2.882s] -- Execute custom install script
[2.883s] -- Symlinking: /home/srikanth/amr_nav/install/amr_nav/share/amr_nav/config/empty.yaml
[2.892s] -- Symlinking: /home/srikanth/amr_nav/install/amr_nav/share/amr_nav/description/robot.urdf.xacro
[2.903s] -- Symlinking: /home/srikanth/amr_nav/install/amr_nav/share/amr_nav/description/robot_core.xacro
[2.914s] -- Symlinking: /home/srikanth/amr_nav/install/amr_nav/share/amr_nav/launch/rsp.launch.py
[2.923s] -- Symlinking: /home/srikanth/amr_nav/install/amr_nav/share/amr_nav/worlds/empty.world
[2.934s] -- Symlinking: /home/srikanth/amr_nav/install/amr_nav/share/ament_index/resource_index/package_run_dependencies/amr_nav
[2.950s] -- Symlinking: /home/srikanth/amr_nav/install/amr_nav/share/ament_index/resource_index/parent_prefix_path/amr_nav
[2.960s] -- Symlinking: /home/srikanth/amr_nav/install/amr_nav/share/amr_nav/environment/ament_prefix_path.sh
[2.970s] -- Symlinking: /home/srikanth/amr_nav/install/amr_nav/share/amr_nav/environment/ament_prefix_path.dsv
[2.980s] -- Symlinking: /home/srikanth/amr_nav/install/amr_nav/share/amr_nav/environment/path.sh
[2.989s] -- Symlinking: /home/srikanth/amr_nav/install/amr_nav/share/amr_nav/environment/path.dsv
[3.000s] -- Symlinking: /home/srikanth/amr_nav/install/amr_nav/share/amr_nav/local_setup.bash
[3.008s] -- Symlinking: /home/srikanth/amr_nav/install/amr_nav/share/amr_nav/local_setup.sh
[3.021s] -- Symlinking: /home/srikanth/amr_nav/install/amr_nav/share/amr_nav/local_setup.zsh
[3.030s] -- Symlinking: /home/srikanth/amr_nav/install/amr_nav/share/amr_nav/local_setup.dsv
[3.039s] -- Symlinking: /home/srikanth/amr_nav/install/amr_nav/share/amr_nav/package.dsv
[3.051s] -- Symlinking: /home/srikanth/amr_nav/install/amr_nav/share/ament_index/resource_index/packages/amr_nav
[3.060s] -- Symlinking: /home/srikanth/amr_nav/install/amr_nav/share/amr_nav/cmake/amr_navConfig.cmake
[3.071s] -- Symlinking: /home/srikanth/amr_nav/install/amr_nav/share/amr_nav/cmake/amr_navConfig-version.cmake
[3.082s] -- Symlinking: /home/srikanth/amr_nav/install/amr_nav/share/amr_nav/package.xml
[3.092s] Invoked command in '/home/srikanth/amr_nav/build/amr_nav' returned '0': CMAKE_PREFIX_PATH=${CMAKE_PREFIX_PATH}:/opt/ros/humble /usr/bin/cmake --install /home/srikanth/amr_nav/build/amr_nav
