[0.138s] Invoking command in '/home/srikanth/amr_nav/build/amr_nav': CMAKE_PREFIX_PATH=/opt/ros/humble /usr/bin/cmake --build /home/srikanth/amr_nav/build/amr_nav -- -j4 -l4
[0.571s] Invoked command in '/home/srikanth/amr_nav/build/amr_nav' returned '0': CMAKE_PREFIX_PATH=/opt/ros/humble /usr/bin/cmake --build /home/srikanth/amr_nav/build/amr_nav -- -j4 -l4
[0.681s] Invoking command in '/home/srikanth/amr_nav/build/amr_nav': CMAKE_PREFIX_PATH=/opt/ros/humble /usr/bin/cmake --install /home/srikanth/amr_nav/build/amr_nav
[0.764s] -- Install configuration: ""
[0.776s] -- Execute custom install script
[0.778s] -- Up-to-date symlink: /home/srikanth/amr_nav/install/amr_nav/share/amr_nav/config/empty.yaml
[0.779s] -- Up-to-date symlink: /home/srikanth/amr_nav/install/amr_nav/share/amr_nav/config/view_bot.rviz
[0.781s] -- Up-to-date symlink: /home/srikanth/amr_nav/install/amr_nav/share/amr_nav/config/view_bot.rviz2.rviz
[0.781s] -- Up-to-date symlink: /home/srikanth/amr_nav/install/amr_nav/share/amr_nav/description/gazebo_control.xacro
[0.784s] -- Up-to-date symlink: /home/srikanth/amr_nav/install/amr_nav/share/amr_nav/description/inertial_macros.xacro
[0.785s] -- Up-to-date symlink: /home/srikanth/amr_nav/install/amr_nav/share/amr_nav/description/robot.urdf.xacro
[0.785s] -- Up-to-date symlink: /home/srikanth/amr_nav/install/amr_nav/share/amr_nav/description/robot_core.xacro
[0.791s] -- Up-to-date symlink: /home/srikanth/amr_nav/install/amr_nav/share/amr_nav/launch/launch_sim.launch.py
[0.794s] -- Up-to-date symlink: /home/srikanth/amr_nav/install/amr_nav/share/amr_nav/launch/rsp.launch.py
[0.795s] -- Up-to-date symlink: /home/srikanth/amr_nav/install/amr_nav/share/amr_nav/worlds/empty.world
[0.799s] -- Up-to-date symlink: /home/srikanth/amr_nav/install/amr_nav/share/ament_index/resource_index/package_run_dependencies/amr_nav
[0.802s] -- Up-to-date symlink: /home/srikanth/amr_nav/install/amr_nav/share/ament_index/resource_index/parent_prefix_path/amr_nav
[0.803s] -- Up-to-date symlink: /home/srikanth/amr_nav/install/amr_nav/share/amr_nav/environment/ament_prefix_path.sh
[0.803s] -- Up-to-date symlink: /home/srikanth/amr_nav/install/amr_nav/share/amr_nav/environment/ament_prefix_path.dsv
[0.804s] -- Up-to-date symlink: /home/srikanth/amr_nav/install/amr_nav/share/amr_nav/environment/path.sh
[0.807s] -- Up-to-date symlink: /home/srikanth/amr_nav/install/amr_nav/share/amr_nav/environment/path.dsv
[0.812s] -- Up-to-date symlink: /home/srikanth/amr_nav/install/amr_nav/share/amr_nav/local_setup.bash
[0.814s] -- Up-to-date symlink: /home/srikanth/amr_nav/install/amr_nav/share/amr_nav/local_setup.sh
[0.814s] -- Up-to-date symlink: /home/srikanth/amr_nav/install/amr_nav/share/amr_nav/local_setup.zsh
[0.820s] -- Up-to-date symlink: /home/srikanth/amr_nav/install/amr_nav/share/amr_nav/local_setup.dsv
[0.821s] -- Symlinking: /home/srikanth/amr_nav/install/amr_nav/share/amr_nav/package.dsv
[0.912s] -- Up-to-date symlink: /home/srikanth/amr_nav/install/amr_nav/share/ament_index/resource_index/packages/amr_nav
[0.925s] -- Up-to-date symlink: /home/srikanth/amr_nav/install/amr_nav/share/amr_nav/cmake/amr_navConfig.cmake
[0.926s] -- Up-to-date symlink: /home/srikanth/amr_nav/install/amr_nav/share/amr_nav/cmake/amr_navConfig-version.cmake
[0.926s] -- Up-to-date symlink: /home/srikanth/amr_nav/install/amr_nav/share/amr_nav/package.xml
[0.941s] Invoked command in '/home/srikanth/amr_nav/build/amr_nav' returned '0': CMAKE_PREFIX_PATH=/opt/ros/humble /usr/bin/cmake --install /home/srikanth/amr_nav/build/amr_nav
