[0.053s] Invoking command in '/home/srikanth/amr_nav/build/amr_nav': CMAKE_PREFIX_PATH=${CMAKE_PREFIX_PATH}:/opt/ros/humble /usr/bin/cmake --build /home/srikanth/amr_nav/build/amr_nav -- -j4 -l4
[0.193s] Invoked command in '/home/srikanth/amr_nav/build/amr_nav' returned '0': CMAKE_PREFIX_PATH=${CMAKE_PREFIX_PATH}:/opt/ros/humble /usr/bin/cmake --build /home/srikanth/amr_nav/build/amr_nav -- -j4 -l4
[0.229s] Invoking command in '/home/srikanth/amr_nav/build/amr_nav': CMAKE_PREFIX_PATH=${CMAKE_PREFIX_PATH}:/opt/ros/humble /usr/bin/cmake --install /home/srikanth/amr_nav/build/amr_nav
[0.260s] -- Install configuration: ""
[0.262s] -- Execute custom install script
[0.264s] -- Up-to-date symlink: /home/srikanth/amr_nav/install/amr_nav/share/amr_nav/config/empty.yaml
[0.265s] -- Up-to-date symlink: /home/srikanth/amr_nav/install/amr_nav/share/amr_nav/config/view_bot.rviz2.rviz
[0.267s] -- Up-to-date symlink: /home/srikanth/amr_nav/install/amr_nav/share/amr_nav/description/inertial_macros.xacro
[0.268s] -- Up-to-date symlink: /home/srikanth/amr_nav/install/amr_nav/share/amr_nav/description/robot.urdf.xacro
[0.269s] -- Up-to-date symlink: /home/srikanth/amr_nav/install/amr_nav/share/amr_nav/description/robot_core.xacro
[0.271s] -- Up-to-date symlink: /home/srikanth/amr_nav/install/amr_nav/share/amr_nav/launch/rsp.launch.py
[0.274s] -- Up-to-date symlink: /home/srikanth/amr_nav/install/amr_nav/share/amr_nav/worlds/empty.world
[0.275s] -- Up-to-date symlink: /home/srikanth/amr_nav/install/amr_nav/share/ament_index/resource_index/package_run_dependencies/amr_nav
[0.275s] -- Up-to-date symlink: /home/srikanth/amr_nav/install/amr_nav/share/ament_index/resource_index/parent_prefix_path/amr_nav
[0.276s] -- Up-to-date symlink: /home/srikanth/amr_nav/install/amr_nav/share/amr_nav/environment/ament_prefix_path.sh
[0.277s] -- Up-to-date symlink: /home/srikanth/amr_nav/install/amr_nav/share/amr_nav/environment/ament_prefix_path.dsv
[0.278s] -- Up-to-date symlink: /home/srikanth/amr_nav/install/amr_nav/share/amr_nav/environment/path.sh
[0.279s] -- Up-to-date symlink: /home/srikanth/amr_nav/install/amr_nav/share/amr_nav/environment/path.dsv
[0.280s] -- Up-to-date symlink: /home/srikanth/amr_nav/install/amr_nav/share/amr_nav/local_setup.bash
[0.281s] -- Up-to-date symlink: /home/srikanth/amr_nav/install/amr_nav/share/amr_nav/local_setup.sh
[0.283s] -- Up-to-date symlink: /home/srikanth/amr_nav/install/amr_nav/share/amr_nav/local_setup.zsh
[0.284s] -- Up-to-date symlink: /home/srikanth/amr_nav/install/amr_nav/share/amr_nav/local_setup.dsv
[0.285s] -- Symlinking: /home/srikanth/amr_nav/install/amr_nav/share/amr_nav/package.dsv
[0.319s] -- Up-to-date symlink: /home/srikanth/amr_nav/install/amr_nav/share/ament_index/resource_index/packages/amr_nav
[0.320s] -- Up-to-date symlink: /home/srikanth/amr_nav/install/amr_nav/share/amr_nav/cmake/amr_navConfig.cmake
[0.320s] -- Up-to-date symlink: /home/srikanth/amr_nav/install/amr_nav/share/amr_nav/cmake/amr_navConfig-version.cmake
[0.321s] -- Up-to-date symlink: /home/srikanth/amr_nav/install/amr_nav/share/amr_nav/package.xml
[0.330s] Invoked command in '/home/srikanth/amr_nav/build/amr_nav' returned '0': CMAKE_PREFIX_PATH=${CMAKE_PREFIX_PATH}:/opt/ros/humble /usr/bin/cmake --install /home/srikanth/amr_nav/build/amr_nav
