[0.652s] DEBUG:colcon:Command line arguments: ['/usr/bin/colcon', 'build']
[0.653s] DEBUG:colcon:Parsed command line arguments: Namespace(log_base=None, log_level=None, verb_name='build', build_base='build', install_base='install', merge_install=False, symlink_install=False, test_result_base=None, continue_on_error=False, executor='parallel', parallel_workers=4, event_handlers=None, ignore_user_meta=False, metas=['./colcon.meta'], base_paths=['.'], packages_ignore=None, packages_ignore_regex=None, paths=None, packages_up_to=None, packages_up_to_regex=None, packages_above=None, packages_above_and_dependencies=None, packages_above_depth=None, packages_select_by_dep=None, packages_skip_by_dep=None, packages_skip_up_to=None, packages_select_build_failed=False, packages_skip_build_finished=False, packages_select_test_failures=False, packages_skip_test_passed=False, packages_select=None, packages_skip=None, packages_select_regex=None, packages_skip_regex=None, packages_start=None, packages_end=None, allow_overriding=[], cmake_args=None, cmake_target=None, cmake_target_skip_unavailable=False, cmake_clean_cache=False, cmake_clean_first=False, cmake_force_configure=False, ament_cmake_args=None, catkin_cmake_args=None, catkin_skip_building_tests=False, mixin_files=None, mixin=None, verb_parser=<colcon_mixin.mixin.mixin_argument.MixinArgumentDecorator object at 0x7b975d065540>, verb_extension=<colcon_core.verb.build.BuildVerb object at 0x7b975d065090>, main=<bound method BuildVerb.main of <colcon_core.verb.build.BuildVerb object at 0x7b975d065090>>, mixin_verb=('build',))
[1.864s] Level 1:colcon.colcon_core.package_discovery:discover_packages(colcon_meta) check parameters
[1.864s] Level 1:colcon.colcon_core.package_discovery:discover_packages(recursive) check parameters
[1.864s] Level 1:colcon.colcon_core.package_discovery:discover_packages(ignore) check parameters
[1.864s] Level 1:colcon.colcon_core.package_discovery:discover_packages(path) check parameters
[1.865s] Level 1:colcon.colcon_core.package_discovery:discover_packages(colcon_meta) discover
[1.865s] Level 1:colcon.colcon_core.package_discovery:discover_packages(recursive) discover
[1.865s] INFO:colcon.colcon_core.package_discovery:Crawling recursively for packages in '/home/srikanth/amr_nav'
[1.866s] Level 1:colcon.colcon_core.package_identification:_identify(.) by extensions ['ignore', 'ignore_ament_install']
[1.866s] Level 1:colcon.colcon_core.package_identification:_identify(.) by extension 'ignore'
[1.867s] Level 1:colcon.colcon_core.package_identification:_identify(.) by extension 'ignore_ament_install'
[1.867s] Level 1:colcon.colcon_core.package_identification:_identify(.) by extensions ['colcon_pkg']
[1.867s] Level 1:colcon.colcon_core.package_identification:_identify(.) by extension 'colcon_pkg'
[1.867s] Level 1:colcon.colcon_core.package_identification:_identify(.) by extensions ['colcon_meta']
[1.867s] Level 1:colcon.colcon_core.package_identification:_identify(.) by extension 'colcon_meta'
[1.868s] Level 1:colcon.colcon_core.package_identification:_identify(.) by extensions ['ros']
[1.868s] Level 1:colcon.colcon_core.package_identification:_identify(.) by extension 'ros'
[1.924s] Level 1:colcon.colcon_core.package_identification:_identify(.) by extensions ['cmake', 'python']
[1.924s] Level 1:colcon.colcon_core.package_identification:_identify(.) by extension 'cmake'
[1.925s] Level 1:colcon.colcon_core.package_identification:_identify(.) by extension 'python'
[1.925s] Level 1:colcon.colcon_core.package_identification:_identify(.) by extensions ['python_setup_py']
[1.925s] Level 1:colcon.colcon_core.package_identification:_identify(.) by extension 'python_setup_py'
[1.926s] Level 1:colcon.colcon_core.package_identification:_identify(build) by extensions ['ignore', 'ignore_ament_install']
[1.926s] Level 1:colcon.colcon_core.package_identification:_identify(build) by extension 'ignore'
[1.926s] Level 1:colcon.colcon_core.package_identification:_identify(build) ignored
[1.927s] Level 1:colcon.colcon_core.package_identification:_identify(install) by extensions ['ignore', 'ignore_ament_install']
[1.927s] Level 1:colcon.colcon_core.package_identification:_identify(install) by extension 'ignore'
[1.928s] Level 1:colcon.colcon_core.package_identification:_identify(install) ignored
[1.928s] Level 1:colcon.colcon_core.package_identification:_identify(log) by extensions ['ignore', 'ignore_ament_install']
[1.929s] Level 1:colcon.colcon_core.package_identification:_identify(log) by extension 'ignore'
[1.929s] Level 1:colcon.colcon_core.package_identification:_identify(log) ignored
[1.929s] Level 1:colcon.colcon_core.package_identification:_identify(src) by extensions ['ignore', 'ignore_ament_install']
[1.929s] Level 1:colcon.colcon_core.package_identification:_identify(src) by extension 'ignore'
[1.930s] Level 1:colcon.colcon_core.package_identification:_identify(src) by extension 'ignore_ament_install'
[1.930s] Level 1:colcon.colcon_core.package_identification:_identify(src) by extensions ['colcon_pkg']
[1.930s] Level 1:colcon.colcon_core.package_identification:_identify(src) by extension 'colcon_pkg'
[1.930s] Level 1:colcon.colcon_core.package_identification:_identify(src) by extensions ['colcon_meta']
[1.931s] Level 1:colcon.colcon_core.package_identification:_identify(src) by extension 'colcon_meta'
[1.931s] Level 1:colcon.colcon_core.package_identification:_identify(src) by extensions ['ros']
[1.931s] Level 1:colcon.colcon_core.package_identification:_identify(src) by extension 'ros'
[1.931s] Level 1:colcon.colcon_core.package_identification:_identify(src) by extensions ['cmake', 'python']
[1.931s] Level 1:colcon.colcon_core.package_identification:_identify(src) by extension 'cmake'
[1.932s] Level 1:colcon.colcon_core.package_identification:_identify(src) by extension 'python'
[1.932s] Level 1:colcon.colcon_core.package_identification:_identify(src) by extensions ['python_setup_py']
[1.932s] Level 1:colcon.colcon_core.package_identification:_identify(src) by extension 'python_setup_py'
[1.932s] Level 1:colcon.colcon_core.package_identification:_identify(src/amr_nav) by extensions ['ignore', 'ignore_ament_install']
[1.933s] Level 1:colcon.colcon_core.package_identification:_identify(src/amr_nav) by extension 'ignore'
[1.933s] Level 1:colcon.colcon_core.package_identification:_identify(src/amr_nav) by extension 'ignore_ament_install'
[1.933s] Level 1:colcon.colcon_core.package_identification:_identify(src/amr_nav) by extensions ['colcon_pkg']
[1.934s] Level 1:colcon.colcon_core.package_identification:_identify(src/amr_nav) by extension 'colcon_pkg'
[1.934s] Level 1:colcon.colcon_core.package_identification:_identify(src/amr_nav) by extensions ['colcon_meta']
[1.934s] Level 1:colcon.colcon_core.package_identification:_identify(src/amr_nav) by extension 'colcon_meta'
[1.934s] Level 1:colcon.colcon_core.package_identification:_identify(src/amr_nav) by extensions ['ros']
[1.934s] Level 1:colcon.colcon_core.package_identification:_identify(src/amr_nav) by extension 'ros'
[1.949s] DEBUG:colcon.colcon_core.package_identification:Package 'src/amr_nav' with type 'ros.ament_cmake' and name 'amr_nav'
[1.949s] Level 1:colcon.colcon_core.package_discovery:discover_packages(recursive) using defaults
[1.950s] Level 1:colcon.colcon_core.package_discovery:discover_packages(ignore) discover
[1.950s] Level 1:colcon.colcon_core.package_discovery:discover_packages(ignore) using defaults
[1.950s] Level 1:colcon.colcon_core.package_discovery:discover_packages(path) discover
[1.950s] Level 1:colcon.colcon_core.package_discovery:discover_packages(path) using defaults
[2.085s] Level 1:colcon.colcon_core.package_discovery:discover_packages(prefix_path) check parameters
[2.085s] Level 1:colcon.colcon_core.package_discovery:discover_packages(prefix_path) discover
[2.094s] DEBUG:colcon.colcon_installed_package_information.package_discovery:Found 1 installed packages in /home/srikanth/amr_nav/install
[2.102s] DEBUG:colcon.colcon_installed_package_information.package_discovery:Found 274 installed packages in /opt/ros/humble
[2.108s] Level 1:colcon.colcon_core.package_discovery:discover_packages(prefix_path) using defaults
[2.377s] Level 5:colcon.colcon_core.verb:set package 'amr_nav' build argument 'cmake_args' from command line to 'None'
[2.377s] Level 5:colcon.colcon_core.verb:set package 'amr_nav' build argument 'cmake_target' from command line to 'None'
[2.377s] Level 5:colcon.colcon_core.verb:set package 'amr_nav' build argument 'cmake_target_skip_unavailable' from command line to 'False'
[2.377s] Level 5:colcon.colcon_core.verb:set package 'amr_nav' build argument 'cmake_clean_cache' from command line to 'False'
[2.378s] Level 5:colcon.colcon_core.verb:set package 'amr_nav' build argument 'cmake_clean_first' from command line to 'False'
[2.378s] Level 5:colcon.colcon_core.verb:set package 'amr_nav' build argument 'cmake_force_configure' from command line to 'False'
[2.378s] Level 5:colcon.colcon_core.verb:set package 'amr_nav' build argument 'ament_cmake_args' from command line to 'None'
[2.378s] Level 5:colcon.colcon_core.verb:set package 'amr_nav' build argument 'catkin_cmake_args' from command line to 'None'
[2.378s] Level 5:colcon.colcon_core.verb:set package 'amr_nav' build argument 'catkin_skip_building_tests' from command line to 'False'
[2.378s] DEBUG:colcon.colcon_core.verb:Building package 'amr_nav' with the following arguments: {'ament_cmake_args': None, 'build_base': '/home/srikanth/amr_nav/build/amr_nav', 'catkin_cmake_args': None, 'catkin_skip_building_tests': False, 'cmake_args': None, 'cmake_clean_cache': False, 'cmake_clean_first': False, 'cmake_force_configure': False, 'cmake_target': None, 'cmake_target_skip_unavailable': False, 'install_base': '/home/srikanth/amr_nav/install/amr_nav', 'merge_install': False, 'path': '/home/srikanth/amr_nav/src/amr_nav', 'symlink_install': False, 'test_result_base': None}
[2.379s] INFO:colcon.colcon_core.executor:Executing jobs using 'parallel' executor
[2.382s] DEBUG:colcon.colcon_parallel_executor.executor.parallel:run_until_complete
[2.383s] INFO:colcon.colcon_ros.task.ament_cmake.build:Building ROS package in '/home/srikanth/amr_nav/src/amr_nav' with build type 'ament_cmake'
[2.383s] INFO:colcon.colcon_cmake.task.cmake.build:Building CMake package in '/home/srikanth/amr_nav/src/amr_nav'
[2.395s] INFO:colcon.colcon_core.plugin_system:Skipping extension 'colcon_core.shell.bat': Not used on non-Windows systems
[2.396s] INFO:colcon.colcon_core.shell:Skip shell extension 'powershell' for command environment: Not usable outside of PowerShell
[2.396s] DEBUG:colcon.colcon_core.shell:Skip shell extension 'dsv' for command environment
[2.442s] DEBUG:colcon.colcon_core.event_handler.log_command:Invoking command in '/home/srikanth/amr_nav/build/amr_nav': CMAKE_PREFIX_PATH=${CMAKE_PREFIX_PATH}:/opt/ros/humble /usr/bin/cmake --build /home/srikanth/amr_nav/build/amr_nav -- -j4 -l4
[2.607s] DEBUG:colcon.colcon_core.event_handler.log_command:Invoked command in '/home/srikanth/amr_nav/build/amr_nav' returned '0': CMAKE_PREFIX_PATH=${CMAKE_PREFIX_PATH}:/opt/ros/humble /usr/bin/cmake --build /home/srikanth/amr_nav/build/amr_nav -- -j4 -l4
[2.666s] DEBUG:colcon.colcon_core.event_handler.log_command:Invoking command in '/home/srikanth/amr_nav/build/amr_nav': CMAKE_PREFIX_PATH=${CMAKE_PREFIX_PATH}:/opt/ros/humble /usr/bin/cmake --install /home/srikanth/amr_nav/build/amr_nav
[2.779s] Level 1:colcon.colcon_core.environment:create_environment_scripts_only(amr_nav)
[2.783s] DEBUG:colcon.colcon_core.event_handler.log_command:Invoked command in '/home/srikanth/amr_nav/build/amr_nav' returned '0': CMAKE_PREFIX_PATH=${CMAKE_PREFIX_PATH}:/opt/ros/humble /usr/bin/cmake --install /home/srikanth/amr_nav/build/amr_nav
[2.794s] Level 1:colcon.colcon_core.environment:checking '/home/srikanth/amr_nav/install/amr_nav' for CMake module files
[2.798s] Level 1:colcon.colcon_core.environment:checking '/home/srikanth/amr_nav/install/amr_nav' for CMake config files
[2.800s] Level 1:colcon.colcon_core.shell:create_environment_hook('amr_nav', 'cmake_prefix_path')
[2.801s] INFO:colcon.colcon_core.shell:Creating environment hook '/home/srikanth/amr_nav/install/amr_nav/share/amr_nav/hook/cmake_prefix_path.ps1'
[2.809s] INFO:colcon.colcon_core.shell:Creating environment descriptor '/home/srikanth/amr_nav/install/amr_nav/share/amr_nav/hook/cmake_prefix_path.dsv'
[2.812s] INFO:colcon.colcon_core.shell:Creating environment hook '/home/srikanth/amr_nav/install/amr_nav/share/amr_nav/hook/cmake_prefix_path.sh'
[2.818s] Level 1:colcon.colcon_core.environment:checking '/home/srikanth/amr_nav/install/amr_nav/bin'
[2.819s] Level 1:colcon.colcon_core.environment:checking '/home/srikanth/amr_nav/install/amr_nav/lib/pkgconfig/amr_nav.pc'
[2.820s] Level 1:colcon.colcon_core.environment:checking '/home/srikanth/amr_nav/install/amr_nav/lib/python3.10/site-packages'
[2.822s] Level 1:colcon.colcon_core.environment:checking '/home/srikanth/amr_nav/install/amr_nav/bin'
[2.824s] INFO:colcon.colcon_core.shell:Creating package script '/home/srikanth/amr_nav/install/amr_nav/share/amr_nav/package.ps1'
[2.828s] INFO:colcon.colcon_core.shell:Creating package descriptor '/home/srikanth/amr_nav/install/amr_nav/share/amr_nav/package.dsv'
[2.831s] INFO:colcon.colcon_core.shell:Creating package script '/home/srikanth/amr_nav/install/amr_nav/share/amr_nav/package.sh'
[2.835s] INFO:colcon.colcon_core.shell:Creating package script '/home/srikanth/amr_nav/install/amr_nav/share/amr_nav/package.bash'
[2.841s] INFO:colcon.colcon_core.shell:Creating package script '/home/srikanth/amr_nav/install/amr_nav/share/amr_nav/package.zsh'
[2.846s] Level 1:colcon.colcon_core.environment:create_file_with_runtime_dependencies(/home/srikanth/amr_nav/install/amr_nav/share/colcon-core/packages/amr_nav)
[2.848s] Level 1:colcon.colcon_core.environment:create_environment_scripts_only(amr_nav)
[2.849s] Level 1:colcon.colcon_core.environment:checking '/home/srikanth/amr_nav/install/amr_nav' for CMake module files
[2.851s] Level 1:colcon.colcon_core.environment:checking '/home/srikanth/amr_nav/install/amr_nav' for CMake config files
[2.853s] Level 1:colcon.colcon_core.shell:create_environment_hook('amr_nav', 'cmake_prefix_path')
[2.854s] INFO:colcon.colcon_core.shell:Creating environment hook '/home/srikanth/amr_nav/install/amr_nav/share/amr_nav/hook/cmake_prefix_path.ps1'
[2.856s] INFO:colcon.colcon_core.shell:Creating environment descriptor '/home/srikanth/amr_nav/install/amr_nav/share/amr_nav/hook/cmake_prefix_path.dsv'
[2.858s] INFO:colcon.colcon_core.shell:Creating environment hook '/home/srikanth/amr_nav/install/amr_nav/share/amr_nav/hook/cmake_prefix_path.sh'
[2.861s] Level 1:colcon.colcon_core.environment:checking '/home/srikanth/amr_nav/install/amr_nav/bin'
[2.862s] Level 1:colcon.colcon_core.environment:checking '/home/srikanth/amr_nav/install/amr_nav/lib/pkgconfig/amr_nav.pc'
[2.863s] Level 1:colcon.colcon_core.environment:checking '/home/srikanth/amr_nav/install/amr_nav/lib/python3.10/site-packages'
[2.865s] Level 1:colcon.colcon_core.environment:checking '/home/srikanth/amr_nav/install/amr_nav/bin'
[2.866s] INFO:colcon.colcon_core.shell:Creating package script '/home/srikanth/amr_nav/install/amr_nav/share/amr_nav/package.ps1'
[2.869s] INFO:colcon.colcon_core.shell:Creating package descriptor '/home/srikanth/amr_nav/install/amr_nav/share/amr_nav/package.dsv'
[2.872s] INFO:colcon.colcon_core.shell:Creating package script '/home/srikanth/amr_nav/install/amr_nav/share/amr_nav/package.sh'
[2.875s] INFO:colcon.colcon_core.shell:Creating package script '/home/srikanth/amr_nav/install/amr_nav/share/amr_nav/package.bash'
[2.877s] INFO:colcon.colcon_core.shell:Creating package script '/home/srikanth/amr_nav/install/amr_nav/share/amr_nav/package.zsh'
[2.880s] Level 1:colcon.colcon_core.environment:create_file_with_runtime_dependencies(/home/srikanth/amr_nav/install/amr_nav/share/colcon-core/packages/amr_nav)
[2.882s] DEBUG:colcon.colcon_parallel_executor.executor.parallel:closing loop
[2.883s] DEBUG:colcon.colcon_parallel_executor.executor.parallel:loop closed
[2.883s] DEBUG:colcon.colcon_parallel_executor.executor.parallel:run_until_complete finished with '0'
[2.884s] DEBUG:colcon.colcon_core.event_reactor:joining thread
[2.907s] INFO:colcon.colcon_core.plugin_system:Skipping extension 'colcon_notification.desktop_notification.terminal_notifier': Not used on non-Darwin systems
[2.908s] INFO:colcon.colcon_core.plugin_system:Skipping extension 'colcon_notification.desktop_notification.win32': Not used on non-Windows systems
[2.908s] INFO:colcon.colcon_notification.desktop_notification:Sending desktop notification using 'notify2'
[2.962s] DEBUG:colcon.colcon_core.event_reactor:joined thread
[2.963s] INFO:colcon.colcon_core.shell:Creating prefix script '/home/srikanth/amr_nav/install/local_setup.ps1'
[2.971s] INFO:colcon.colcon_core.shell:Creating prefix util module '/home/srikanth/amr_nav/install/_local_setup_util_ps1.py'
[2.982s] INFO:colcon.colcon_core.shell:Creating prefix chain script '/home/srikanth/amr_nav/install/setup.ps1'
[2.990s] INFO:colcon.colcon_core.shell:Creating prefix script '/home/srikanth/amr_nav/install/local_setup.sh'
[2.995s] INFO:colcon.colcon_core.shell:Creating prefix util module '/home/srikanth/amr_nav/install/_local_setup_util_sh.py'
[2.998s] INFO:colcon.colcon_core.shell:Creating prefix chain script '/home/srikanth/amr_nav/install/setup.sh'
[3.006s] INFO:colcon.colcon_core.shell:Creating prefix script '/home/srikanth/amr_nav/install/local_setup.bash'
[3.010s] INFO:colcon.colcon_core.shell:Creating prefix chain script '/home/srikanth/amr_nav/install/setup.bash'
[3.014s] INFO:colcon.colcon_core.shell:Creating prefix script '/home/srikanth/amr_nav/install/local_setup.zsh'
[3.018s] INFO:colcon.colcon_core.shell:Creating prefix chain script '/home/srikanth/amr_nav/install/setup.zsh'
