[0.056s] Invoking command in '/home/srikanth/amr_nav/build/amr_nav': CMAKE_PREFIX_PATH=${CMAKE_PREFIX_PATH}:/opt/ros/humble /usr/bin/cmake --build /home/srikanth/amr_nav/build/amr_nav -- -j4 -l4
[0.221s] Invoked command in '/home/srikanth/amr_nav/build/amr_nav' returned '0': CMAKE_PREFIX_PATH=${CMAKE_PREFIX_PATH}:/opt/ros/humble /usr/bin/cmake --build /home/srikanth/amr_nav/build/amr_nav -- -j4 -l4
[0.279s] Invoking command in '/home/srikanth/amr_nav/build/amr_nav': CMAKE_PREFIX_PATH=${CMAKE_PREFIX_PATH}:/opt/ros/humble /usr/bin/cmake --install /home/srikanth/amr_nav/build/amr_nav
[0.311s] -- Install configuration: ""
[0.314s] -- Execute custom install script
[0.317s] -- Up-to-date symlink: /home/srikanth/amr_nav/install/amr_nav/share/amr_nav/config/empty.yaml
[0.318s] -- Up-to-date symlink: /home/srikanth/amr_nav/install/amr_nav/share/amr_nav/description/robot.urdf.xacro
[0.319s] -- Up-to-date symlink: /home/srikanth/amr_nav/install/amr_nav/share/amr_nav/description/robot_core.xacro
[0.322s] -- Up-to-date symlink: /home/srikanth/amr_nav/install/amr_nav/share/amr_nav/launch/rsp.launch.py
[0.326s] -- Up-to-date symlink: /home/srikanth/amr_nav/install/amr_nav/share/amr_nav/worlds/empty.world
[0.327s] -- Up-to-date symlink: /home/srikanth/amr_nav/install/amr_nav/share/ament_index/resource_index/package_run_dependencies/amr_nav
[0.328s] -- Up-to-date symlink: /home/srikanth/amr_nav/install/amr_nav/share/ament_index/resource_index/parent_prefix_path/amr_nav
[0.330s] -- Up-to-date symlink: /home/srikanth/amr_nav/install/amr_nav/share/amr_nav/environment/ament_prefix_path.sh
[0.330s] -- Up-to-date symlink: /home/srikanth/amr_nav/install/amr_nav/share/amr_nav/environment/ament_prefix_path.dsv
[0.331s] -- Up-to-date symlink: /home/srikanth/amr_nav/install/amr_nav/share/amr_nav/environment/path.sh
[0.332s] -- Up-to-date symlink: /home/srikanth/amr_nav/install/amr_nav/share/amr_nav/environment/path.dsv
[0.332s] -- Up-to-date symlink: /home/srikanth/amr_nav/install/amr_nav/share/amr_nav/local_setup.bash
[0.333s] -- Up-to-date symlink: /home/srikanth/amr_nav/install/amr_nav/share/amr_nav/local_setup.sh
[0.334s] -- Up-to-date symlink: /home/srikanth/amr_nav/install/amr_nav/share/amr_nav/local_setup.zsh
[0.335s] -- Up-to-date symlink: /home/srikanth/amr_nav/install/amr_nav/share/amr_nav/local_setup.dsv
[0.335s] -- Symlinking: /home/srikanth/amr_nav/install/amr_nav/share/amr_nav/package.dsv
[0.381s] -- Up-to-date symlink: /home/srikanth/amr_nav/install/amr_nav/share/ament_index/resource_index/packages/amr_nav
[0.382s] -- Up-to-date symlink: /home/srikanth/amr_nav/install/amr_nav/share/amr_nav/cmake/amr_navConfig.cmake
[0.383s] -- Up-to-date symlink: /home/srikanth/amr_nav/install/amr_nav/share/amr_nav/cmake/amr_navConfig-version.cmake
[0.385s] -- Up-to-date symlink: /home/srikanth/amr_nav/install/amr_nav/share/amr_nav/package.xml
[0.396s] Invoked command in '/home/srikanth/amr_nav/build/amr_nav' returned '0': CMAKE_PREFIX_PATH=${CMAKE_PREFIX_PATH}:/opt/ros/humble /usr/bin/cmake --install /home/srikanth/amr_nav/build/amr_nav
