[0.047s] Invoking command in '/home/srikanth/amr_nav/build/amr_nav': CMAKE_PREFIX_PATH=${CMAKE_PREFIX_PATH}:/opt/ros/humble /usr/bin/cmake --build /home/srikanth/amr_nav/build/amr_nav -- -j4 -l4
[0.198s] Invoked command in '/home/srikanth/amr_nav/build/amr_nav' returned '0': CMAKE_PREFIX_PATH=${CMAKE_PREFIX_PATH}:/opt/ros/humble /usr/bin/cmake --build /home/srikanth/amr_nav/build/amr_nav -- -j4 -l4
[0.239s] Invoking command in '/home/srikanth/amr_nav/build/amr_nav': CMAKE_PREFIX_PATH=${CMAKE_PREFIX_PATH}:/opt/ros/humble /usr/bin/cmake --install /home/srikanth/amr_nav/build/amr_nav
[0.269s] -- Install configuration: ""
[0.271s] -- Execute custom install script
[0.273s] -- Up-to-date symlink: /home/srikanth/amr_nav/install/amr_nav/share/amr_nav/config/empty.yaml
[0.274s] -- Symlinking: /home/srikanth/amr_nav/install/amr_nav/share/amr_nav/config/view_bot.rviz2.rviz
[0.307s] -- Symlinking: /home/srikanth/amr_nav/install/amr_nav/share/amr_nav/description/inertial_macros.xacro
[0.342s] -- Up-to-date symlink: /home/srikanth/amr_nav/install/amr_nav/share/amr_nav/description/robot.urdf.xacro
[0.342s] -- Up-to-date symlink: /home/srikanth/amr_nav/install/amr_nav/share/amr_nav/description/robot_core.xacro
[0.343s] -- Up-to-date symlink: /home/srikanth/amr_nav/install/amr_nav/share/amr_nav/launch/rsp.launch.py
[0.345s] -- Up-to-date symlink: /home/srikanth/amr_nav/install/amr_nav/share/amr_nav/worlds/empty.world
[0.346s] -- Up-to-date symlink: /home/srikanth/amr_nav/install/amr_nav/share/ament_index/resource_index/package_run_dependencies/amr_nav
[0.347s] -- Up-to-date symlink: /home/srikanth/amr_nav/install/amr_nav/share/ament_index/resource_index/parent_prefix_path/amr_nav
[0.348s] -- Up-to-date symlink: /home/srikanth/amr_nav/install/amr_nav/share/amr_nav/environment/ament_prefix_path.sh
[0.349s] -- Up-to-date symlink: /home/srikanth/amr_nav/install/amr_nav/share/amr_nav/environment/ament_prefix_path.dsv
[0.349s] -- Up-to-date symlink: /home/srikanth/amr_nav/install/amr_nav/share/amr_nav/environment/path.sh
[0.350s] -- Up-to-date symlink: /home/srikanth/amr_nav/install/amr_nav/share/amr_nav/environment/path.dsv
[0.351s] -- Up-to-date symlink: /home/srikanth/amr_nav/install/amr_nav/share/amr_nav/local_setup.bash
[0.352s] -- Up-to-date symlink: /home/srikanth/amr_nav/install/amr_nav/share/amr_nav/local_setup.sh
[0.353s] -- Up-to-date symlink: /home/srikanth/amr_nav/install/amr_nav/share/amr_nav/local_setup.zsh
[0.355s] -- Up-to-date symlink: /home/srikanth/amr_nav/install/amr_nav/share/amr_nav/local_setup.dsv
[0.355s] -- Symlinking: /home/srikanth/amr_nav/install/amr_nav/share/amr_nav/package.dsv
[0.389s] -- Up-to-date symlink: /home/srikanth/amr_nav/install/amr_nav/share/ament_index/resource_index/packages/amr_nav
[0.390s] -- Up-to-date symlink: /home/srikanth/amr_nav/install/amr_nav/share/amr_nav/cmake/amr_navConfig.cmake
[0.390s] -- Up-to-date symlink: /home/srikanth/amr_nav/install/amr_nav/share/amr_nav/cmake/amr_navConfig-version.cmake
[0.391s] -- Up-to-date symlink: /home/srikanth/amr_nav/install/amr_nav/share/amr_nav/package.xml
[0.398s] Invoked command in '/home/srikanth/amr_nav/build/amr_nav' returned '0': CMAKE_PREFIX_PATH=${CMAKE_PREFIX_PATH}:/opt/ros/humble /usr/bin/cmake --install /home/srikanth/amr_nav/build/amr_nav
