[0.058s] Invoking command in '/home/srikanth/amr_nav/build/amr_nav': CMAKE_PREFIX_PATH=${CMAKE_PREFIX_PATH}:/opt/ros/humble /usr/bin/cmake --build /home/srikanth/amr_nav/build/amr_nav -- -j4 -l4
[0.252s] Invoked command in '/home/srikanth/amr_nav/build/amr_nav' returned '0': CMAKE_PREFIX_PATH=${CMAKE_PREFIX_PATH}:/opt/ros/humble /usr/bin/cmake --build /home/srikanth/amr_nav/build/amr_nav -- -j4 -l4
[0.291s] Invoking command in '/home/srikanth/amr_nav/build/amr_nav': CMAKE_PREFIX_PATH=${CMAKE_PREFIX_PATH}:/opt/ros/humble /usr/bin/cmake --install /home/srikanth/amr_nav/build/amr_nav
[0.322s] -- Install configuration: ""
[0.325s] -- Execute custom install script
[0.330s] -- Up-to-date symlink: /home/srikanth/amr_nav/install/amr_nav/share/amr_nav/config/empty.yaml
[0.331s] -- Symlinking: /home/srikanth/amr_nav/install/amr_nav/share/amr_nav/config/view_bot.rviz
[0.368s] -- Up-to-date symlink: /home/srikanth/amr_nav/install/amr_nav/share/amr_nav/config/view_bot.rviz2.rviz
[0.370s] -- Up-to-date symlink: /home/srikanth/amr_nav/install/amr_nav/share/amr_nav/description/inertial_macros.xacro
[0.370s] -- Up-to-date symlink: /home/srikanth/amr_nav/install/amr_nav/share/amr_nav/description/robot.urdf.xacro
[0.371s] -- Up-to-date symlink: /home/srikanth/amr_nav/install/amr_nav/share/amr_nav/description/robot_core.xacro
[0.372s] -- Symlinking: /home/srikanth/amr_nav/install/amr_nav/share/amr_nav/launch/launch_sim.launch.py
[0.410s] -- Up-to-date symlink: /home/srikanth/amr_nav/install/amr_nav/share/amr_nav/launch/rsp.launch.py
[0.411s] -- Up-to-date symlink: /home/srikanth/amr_nav/install/amr_nav/share/amr_nav/worlds/empty.world
[0.412s] -- Up-to-date symlink: /home/srikanth/amr_nav/install/amr_nav/share/ament_index/resource_index/package_run_dependencies/amr_nav
[0.413s] -- Up-to-date symlink: /home/srikanth/amr_nav/install/amr_nav/share/ament_index/resource_index/parent_prefix_path/amr_nav
[0.414s] -- Up-to-date symlink: /home/srikanth/amr_nav/install/amr_nav/share/amr_nav/environment/ament_prefix_path.sh
[0.415s] -- Up-to-date symlink: /home/srikanth/amr_nav/install/amr_nav/share/amr_nav/environment/ament_prefix_path.dsv
[0.416s] -- Up-to-date symlink: /home/srikanth/amr_nav/install/amr_nav/share/amr_nav/environment/path.sh
[0.417s] -- Up-to-date symlink: /home/srikanth/amr_nav/install/amr_nav/share/amr_nav/environment/path.dsv
[0.417s] -- Up-to-date symlink: /home/srikanth/amr_nav/install/amr_nav/share/amr_nav/local_setup.bash
[0.418s] -- Up-to-date symlink: /home/srikanth/amr_nav/install/amr_nav/share/amr_nav/local_setup.sh
[0.419s] -- Up-to-date symlink: /home/srikanth/amr_nav/install/amr_nav/share/amr_nav/local_setup.zsh
[0.420s] -- Up-to-date symlink: /home/srikanth/amr_nav/install/amr_nav/share/amr_nav/local_setup.dsv
[0.421s] -- Symlinking: /home/srikanth/amr_nav/install/amr_nav/share/amr_nav/package.dsv
[0.461s] -- Up-to-date symlink: /home/srikanth/amr_nav/install/amr_nav/share/ament_index/resource_index/packages/amr_nav
[0.461s] -- Up-to-date symlink: /home/srikanth/amr_nav/install/amr_nav/share/amr_nav/cmake/amr_navConfig.cmake
[0.462s] -- Up-to-date symlink: /home/srikanth/amr_nav/install/amr_nav/share/amr_nav/cmake/amr_navConfig-version.cmake
[0.463s] -- Up-to-date symlink: /home/srikanth/amr_nav/install/amr_nav/share/amr_nav/package.xml
[0.472s] Invoked command in '/home/srikanth/amr_nav/build/amr_nav' returned '0': CMAKE_PREFIX_PATH=${CMAKE_PREFIX_PATH}:/opt/ros/humble /usr/bin/cmake --install /home/srikanth/amr_nav/build/amr_nav
